<?xml version="1.0" encoding="UTF-8" ?>
<testsuite tests="7" failures="0" name="softwarecorporativo.ejb.test.AdministradorTest" time="46.817" errors="0" skipped="0">
  <properties>
    <property name="java.runtime.name" value="Java(TM) SE Runtime Environment"/>
    <property name="sun.boot.library.path" value="/home/victor/jdk1.8.0_111/jre/lib/amd64"/>
    <property name="java.vm.version" value="25.111-b14"/>
    <property name="java.vm.vendor" value="Oracle Corporation"/>
    <property name="java.vendor.url" value="http://java.oracle.com/"/>
    <property name="path.separator" value=":"/>
    <property name="guice.disable.misplaced.annotation.check" value="true"/>
    <property name="java.vm.name" value="Java HotSpot(TM) 64-Bit Server VM"/>
    <property name="file.encoding.pkg" value="sun.io"/>
    <property name="user.country" value="BR"/>
    <property name="sun.java.launcher" value="SUN_STANDARD"/>
    <property name="sun.os.patch.level" value="unknown"/>
    <property name="test" value="softwarecorporativo.ejb.test.AdministradorTest"/>
    <property name="java.vm.specification.name" value="Java Virtual Machine Specification"/>
    <property name="user.dir" value="/home/victor/NetBeansProjects/LojaVirtual_ejb"/>
    <property name="java.runtime.version" value="1.8.0_111-b14"/>
    <property name="java.awt.graphicsenv" value="sun.awt.X11GraphicsEnvironment"/>
    <property name="java.endorsed.dirs" value="/home/victor/jdk1.8.0_111/jre/lib/endorsed"/>
    <property name="os.arch" value="amd64"/>
    <property name="java.io.tmpdir" value="/tmp"/>
    <property name="line.separator" value="
"/>
    <property name="java.vm.specification.vendor" value="Oracle Corporation"/>
    <property name="os.name" value="Linux"/>
    <property name="maven.ext.class.path" value="/home/victor/netbeans-8.2/java/maven-nblib/netbeans-eventspy.jar"/>
    <property name="classworlds.conf" value="/home/victor/netbeans-8.2/java/maven/bin/m2.conf"/>
    <property name="sun.jnu.encoding" value="UTF-8"/>
    <property name="java.library.path" value="/home/victor/jdk1.8.0_111/jre/lib/amd64:/home/victor/jdk1.8.0_111/jre/lib/i386::/usr/java/packages/lib/amd64:/usr/lib64:/lib64:/lib:/usr/lib"/>
    <property name="java.specification.name" value="Java Platform API Specification"/>
    <property name="java.class.version" value="52.0"/>
    <property name="sun.management.compiler" value="HotSpot 64-Bit Tiered Compilers"/>
    <property name="os.version" value="4.18.0-17-generic"/>
    <property name="user.home" value="/home/victor"/>
    <property name="user.timezone" value="America/Recife"/>
    <property name="java.awt.printerjob" value="sun.print.PSPrinterJob"/>
    <property name="java.specification.version" value="1.8"/>
    <property name="file.encoding" value="UTF-8"/>
    <property name="user.name" value="victor"/>
    <property name="java.class.path" value="/home/victor/netbeans-8.2/java/maven/boot/plexus-classworlds-2.4.jar"/>
    <property name="java.vm.specification.version" value="1.8"/>
    <property name="sun.arch.data.model" value="64"/>
    <property name="java.home" value="/home/victor/jdk1.8.0_111/jre"/>
    <property name="sun.java.command" value="org.codehaus.plexus.classworlds.launcher.Launcher -Dtest=softwarecorporativo.ejb.test.AdministradorTest -Dmaven.ext.class.path=/home/victor/netbeans-8.2/java/maven-nblib/netbeans-eventspy.jar surefire:test"/>
    <property name="java.specification.vendor" value="Oracle Corporation"/>
    <property name="user.language" value="pt"/>
    <property name="awt.toolkit" value="sun.awt.X11.XToolkit"/>
    <property name="java.vm.info" value="mixed mode"/>
    <property name="java.version" value="1.8.0_111"/>
    <property name="java.ext.dirs" value="/home/victor/jdk1.8.0_111/jre/lib/ext:/usr/java/packages/lib/ext"/>
    <property name="securerandom.source" value="file:/dev/./urandom"/>
    <property name="sun.boot.class.path" value="/home/victor/jdk1.8.0_111/jre/lib/resources.jar:/home/victor/jdk1.8.0_111/jre/lib/rt.jar:/home/victor/jdk1.8.0_111/jre/lib/sunrsasign.jar:/home/victor/jdk1.8.0_111/jre/lib/jsse.jar:/home/victor/jdk1.8.0_111/jre/lib/jce.jar:/home/victor/jdk1.8.0_111/jre/lib/charsets.jar:/home/victor/jdk1.8.0_111/jre/lib/jfr.jar:/home/victor/jdk1.8.0_111/jre/classes"/>
    <property name="java.vendor" value="Oracle Corporation"/>
    <property name="maven.home" value="/home/victor/netbeans-8.2/java/maven"/>
    <property name="file.separator" value="/"/>
    <property name="java.vendor.url.bug" value="http://bugreport.sun.com/bugreport/"/>
    <property name="sun.cpu.endian" value="little"/>
    <property name="sun.io.unicode.encoding" value="UnicodeLittle"/>
    <property name="sun.desktop" value="gnome"/>
    <property name="sun.cpu.isalist" value=""/>
  </properties>
  <testcase classname="softwarecorporativo.ejb.test.AdministradorTest" name="existeAdministrador" time="0.108"/>
  <testcase classname="softwarecorporativo.ejb.test.AdministradorTest" name="getAdministradorPorCPF" time="0.031"/>
  <testcase classname="softwarecorporativo.ejb.test.AdministradorTest" name="consultarAdministradorCPFInvalido" time="0.36"/>
  <testcase classname="softwarecorporativo.ejb.test.AdministradorTest" name="atualizarInvalido" time="0.072"/>
  <testcase classname="softwarecorporativo.ejb.test.AdministradorTest" name="getAdministradorPorId" time="0.003"/>
  <testcase classname="softwarecorporativo.ejb.test.AdministradorTest" name="atualizar" time="0.173"/>
  <testcase classname="softwarecorporativo.ejb.test.AdministradorTest" name="persistir" time="0.058"/>
</testsuite>